<?xml version="1.0" encoding="UTF-8"?>
<testng-results skipped="1" failed="1" ignored="0" total="6" passed="4">
  <reporter-output>
  </reporter-output>
  <suite name="Class1Suite" duration-ms="86214" started-at="2020-10-03T13:51:17Z" finished-at="2020-10-03T13:52:43Z">
    <groups>
    </groups>
    <test name="instances" duration-ms="86214" started-at="2020-10-03T13:51:17Z" finished-at="2020-10-03T13:52:43Z">
      <class name="loginTest.LoginTest">
        <test-method status="PASS" signature="webdriverinitialize()[pri:0, instance:loginTest.LoginTest@333291e3]" name="webdriverinitialize" is-config="true" duration-ms="3498" started-at="2020-10-03T13:51:17Z" finished-at="2020-10-03T13:51:20Z">
          <reporter-output>
          </reporter-output>
        </test-method> <!-- webdriverinitialize -->
        <test-method status="PASS" signature="login1()[pri:0, instance:loginTest.LoginTest@1ab3a8c8]" name="login1" duration-ms="19152" started-at="2020-10-03T13:51:20Z" finished-at="2020-10-03T13:51:40Z">
          <reporter-output>
          </reporter-output>
        </test-method> <!-- login1 -->
        <test-method status="PASS" signature="logout()[pri:0, instance:loginTest.LoginTest@1ab3a8c8]" name="logout" duration-ms="7323" started-at="2020-10-03T13:51:40Z" depends-on-methods="loginTest.LoginTest.login1" finished-at="2020-10-03T13:51:47Z">
          <reporter-output>
          </reporter-output>
        </test-method> <!-- logout -->
        <test-method status="PASS" signature="DriverClose()[pri:0, instance:loginTest.LoginTest@333291e3]" name="DriverClose" is-config="true" duration-ms="397" started-at="2020-10-03T13:51:47Z" finished-at="2020-10-03T13:51:47Z">
          <reporter-output>
          </reporter-output>
        </test-method> <!-- DriverClose -->
        <test-method status="PASS" signature="webdriverinitialize()[pri:0, instance:loginTest.LoginTest@333291e3]" name="webdriverinitialize" is-config="true" duration-ms="2822" started-at="2020-10-03T13:51:47Z" finished-at="2020-10-03T13:51:50Z">
          <reporter-output>
          </reporter-output>
        </test-method> <!-- webdriverinitialize -->
        <test-method status="FAIL" signature="login1()[pri:0, instance:loginTest.LoginTest@333291e3]" name="login1" duration-ms="20846" started-at="2020-10-03T13:51:50Z" finished-at="2020-10-03T13:52:11Z">
          <exception class="java.lang.AssertionError">
            <message>
              <![CDATA[Incorrect Username and Password wirh username as Amit and password as aaa]]>
            </message>
            <full-stacktrace>
              <![CDATA[java.lang.AssertionError: Incorrect Username and Password wirh username as Amit and password as aaa
at org.testng.Assert.fail(Assert.java:96)
at loginTest.LoginTest.login1(LoginTest.java:51)
at sun.reflect.NativeMethodAccessorImpl.invoke0(Native Method)
at sun.reflect.NativeMethodAccessorImpl.invoke(Unknown Source)
at sun.reflect.DelegatingMethodAccessorImpl.invoke(Unknown Source)
at java.lang.reflect.Method.invoke(Unknown Source)
at org.testng.internal.MethodInvocationHelper.invokeMethod(MethodInvocationHelper.java:124)
at org.testng.internal.Invoker.invokeMethod(Invoker.java:583)
at org.testng.internal.Invoker.invokeTestMethod(Invoker.java:719)
at org.testng.internal.Invoker.invokeTestMethods(Invoker.java:989)
at org.testng.internal.TestMethodWorker.invokeTestMethods(TestMethodWorker.java:125)
at org.testng.internal.TestMethodWorker.run(TestMethodWorker.java:109)
at java.util.concurrent.ThreadPoolExecutor.runWorker(Unknown Source)
at java.util.concurrent.ThreadPoolExecutor$Worker.run(Unknown Source)
at java.lang.Thread.run(Unknown Source)
]]>
            </full-stacktrace>
          </exception> <!-- java.lang.AssertionError -->
          <reporter-output>
          </reporter-output>
        </test-method> <!-- login1 -->
        <test-method status="SKIP" signature="logout()[pri:0, instance:loginTest.LoginTest@333291e3]" name="logout" duration-ms="0" started-at="2020-10-03T13:52:11Z" depends-on-methods="loginTest.LoginTest.login1" finished-at="2020-10-03T13:52:11Z">
          <exception class="java.lang.Throwable">
            <message>
              <![CDATA[Method LoginTest.logout()[pri:0, instance:loginTest.LoginTest@333291e3] depends on not successfully finished methods]]>
            </message>
            <full-stacktrace>
              <![CDATA[java.lang.Throwable: Method LoginTest.logout()[pri:0, instance:loginTest.LoginTest@333291e3] depends on not successfully finished methods
at org.testng.internal.Invoker.invokeTestMethods(Invoker.java:888)
at org.testng.internal.TestMethodWorker.invokeTestMethods(TestMethodWorker.java:125)
at org.testng.internal.TestMethodWorker.run(TestMethodWorker.java:109)
at java.util.concurrent.ThreadPoolExecutor.runWorker(Unknown Source)
at java.util.concurrent.ThreadPoolExecutor$Worker.run(Unknown Source)
at java.lang.Thread.run(Unknown Source)
]]>
            </full-stacktrace>
          </exception> <!-- java.lang.Throwable -->
          <reporter-output>
          </reporter-output>
        </test-method> <!-- logout -->
        <test-method status="PASS" signature="DriverClose()[pri:0, instance:loginTest.LoginTest@333291e3]" name="DriverClose" is-config="true" duration-ms="282" started-at="2020-10-03T13:52:11Z" finished-at="2020-10-03T13:52:11Z">
          <reporter-output>
          </reporter-output>
        </test-method> <!-- DriverClose -->
        <test-method status="PASS" signature="webdriverinitialize()[pri:0, instance:loginTest.LoginTest@333291e3]" name="webdriverinitialize" is-config="true" duration-ms="2660" started-at="2020-10-03T13:52:11Z" finished-at="2020-10-03T13:52:14Z">
          <reporter-output>
          </reporter-output>
        </test-method> <!-- webdriverinitialize -->
        <test-method status="PASS" signature="login1()[pri:0, instance:loginTest.LoginTest@43195e57]" name="login1" duration-ms="20664" started-at="2020-10-03T13:52:14Z" finished-at="2020-10-03T13:52:35Z">
          <reporter-output>
          </reporter-output>
        </test-method> <!-- login1 -->
        <test-method status="PASS" signature="logout()[pri:0, instance:loginTest.LoginTest@43195e57]" name="logout" duration-ms="6426" started-at="2020-10-03T13:52:35Z" depends-on-methods="loginTest.LoginTest.login1" finished-at="2020-10-03T13:52:41Z">
          <reporter-output>
          </reporter-output>
        </test-method> <!-- logout -->
        <test-method status="PASS" signature="DriverClose()[pri:0, instance:loginTest.LoginTest@333291e3]" name="DriverClose" is-config="true" duration-ms="2102" started-at="2020-10-03T13:52:41Z" finished-at="2020-10-03T13:52:43Z">
          <reporter-output>
          </reporter-output>
        </test-method> <!-- DriverClose -->
      </class> <!-- loginTest.LoginTest -->
    </test> <!-- instances -->
  </suite> <!-- Class1Suite -->
</testng-results>
