<?xml version="1.0" encoding="UTF-8"?>
<!-- Generated by org.testng.reporters.JUnitXMLReporter -->
<testsuite hostname="USHYDAMALBARI1" ignored="0" name="instances" tests="6" failures="1" timestamp="03 Oct 2020 13:52:43 GMT" time="86.214" errors="0">
  <testcase name="login1" time="19.152" classname="loginTest.LoginTest"/>
  <testcase name="logout" time="7.323" classname="loginTest.LoginTest"/>
  <testcase name="login1" time="20.846" classname="loginTest.LoginTest">
    <failure type="java.lang.AssertionError" message="Incorrect Username and Password wirh username as Amit and password as aaa">
      <![CDATA[java.lang.AssertionError: Incorrect Username and Password wirh username as Amit and password as aaa
at loginTest.LoginTest.login1(LoginTest.java:51)
at java.util.concurrent.ThreadPoolExecutor.runWorker(Unknown Source)
at java.util.concurrent.ThreadPoolExecutor$Worker.run(Unknown Source)
at java.lang.Thread.run(Unknown Source)
... Removed 11 stack frames]]>
    </failure>
  </testcase> <!-- login1 -->
  <testcase name="logout" time="0.0" classname="loginTest.LoginTest">
    <skipped/>
  </testcase> <!-- logout -->
  <testcase name="login1" time="20.664" classname="loginTest.LoginTest"/>
  <testcase name="logout" time="6.426" classname="loginTest.LoginTest"/>
</testsuite> <!-- instances -->
